<?xml version="1.0" encoding="UTF-8"?>
<!-- Generated by org.testng.reporters.JUnitXMLReporter -->
<testsuite ignored="3" hostname="LAPTOP-GFT7S5SO" failures="1" tests="1" name="Test(failed)(failed)(failed)" time="0.066" errors="0" timestamp="2022-06-14T12:21:09 IST">
  <testcase classname="testNG_Grouping.Myclass2" name="mymethod7" time="0.011">
    <failure type="java.lang.AssertionError" message="null">
      <![CDATA[java.lang.AssertionError: null
at testNG_Grouping.Myclass2.mymethod7(Myclass2.java:22)
at java.base/java.util.ArrayList.forEach(ArrayList.java:1541)
... Removed 29 stack frames]]>
    </failure>
  </testcase> <!-- mymethod7 -->
  <testcase classname="testNG_Grouping.Myclass2" name="mymethod6" time="0.0">
    <ignored/>
  </testcase> <!-- mymethod6 -->
  <testcase classname="testNG_Grouping.Myclass2" name="mymethod8" time="0.0">
    <ignored/>
  </testcase> <!-- mymethod8 -->
  <testcase classname="testNG_Grouping.Myclass2" name="mymethod5" time="0.0">
    <ignored/>
  </testcase> <!-- mymethod5 -->
</testsuite> <!-- Test(failed)(failed)(failed) -->
