<?xml version="1.0" encoding="UTF-8"?>
<!-- Generated by org.testng.reporters.JUnitXMLReporter -->
<testsuite ignored="0" hostname="LAPTOP-GFT7S5SO" failures="0" tests="4" name="Test" time="0.078" errors="0" timestamp="2022-06-22T11:53:35 IST">
  <testcase classname="implimentingListners_At_XMLlevel.Class1" name="mumbai" time="0.009"/>
  <testcase classname="implimentingListners_At_XMLlevel.Class1" name="pune" time="0.002"/>
  <testcase classname="implimentingListners_At_XMLlevel.Class2" name="Beed" time="0.002"/>
  <testcase classname="implimentingListners_At_XMLlevel.Class2" name="Latur" time="0.002"/>
</testsuite> <!-- Test -->
