<?xml version="1.0" encoding="UTF-8"?>
<testng-results ignored="0" total="1" passed="1" failed="0" skipped="0">
  <reporter-output>
  </reporter-output>
  <suite started-at="2022-07-02T09:55:34 GMT-07:00" name="Default suite" finished-at="2022-07-02T09:56:09 GMT-07:00" duration-ms="35015">
    <groups>
    </groups>
    <test started-at="2022-07-02T09:55:34 GMT-07:00" name="Default test" finished-at="2022-07-02T09:56:09 GMT-07:00" duration-ms="35015">
      <class name="testPackage.TestClass">
        <test-method is-config="true" signature="launchUrl()[pri:0, instance:testPackage.TestClass@4a83a74a]" started-at="2022-07-02T09:55:34 GMT-07:00" name="launchUrl" finished-at="2022-07-02T09:56:09 GMT-07:00" duration-ms="34878" status="PASS">
          <reporter-output>
          </reporter-output>
        </test-method> <!-- launchUrl -->
        <test-method signature="f()[pri:0, instance:testPackage.TestClass@4a83a74a]" started-at="2022-07-02T09:56:09 GMT-07:00" name="f" finished-at="2022-07-02T09:56:09 GMT-07:00" duration-ms="20" status="PASS">
          <reporter-output>
          </reporter-output>
        </test-method> <!-- f -->
      </class> <!-- testPackage.TestClass -->
    </test> <!-- Default test -->
  </suite> <!-- Default suite -->
</testng-results>
