<?xml version="1.0" encoding="UTF-8"?>
<!-- Generated by org.testng.reporters.JUnitXMLReporter -->
<testsuite ignored="6" hostname="LAPTOP-GFT7S5SO" failures="2" tests="2" name="Test(failed)" time="0.073" errors="0" timestamp="2022-06-14T12:23:06 IST">
  <testcase classname="testNG_Grouping.Myclass1" name="mymethod1" time="0.01">
    <failure type="java.lang.AssertionError" message="null">
      <![CDATA[java.lang.AssertionError: null
at testNG_Grouping.Myclass1.mymethod1(Myclass1.java:10)
at java.base/java.util.ArrayList.forEach(ArrayList.java:1541)
... Removed 29 stack frames]]>
    </failure>
  </testcase> <!-- mymethod1 -->
  <testcase classname="testNG_Grouping.Myclass2" name="mymethod7" time="0.002">
    <failure type="java.lang.AssertionError" message="null">
      <![CDATA[java.lang.AssertionError: null
at testNG_Grouping.Myclass2.mymethod7(Myclass2.java:22)
at java.base/java.util.ArrayList.forEach(ArrayList.java:1541)
... Removed 29 stack frames]]>
    </failure>
  </testcase> <!-- mymethod7 -->
  <testcase classname="testNG_Grouping.Myclass2" name="mymethod6" time="0.0">
    <ignored/>
  </testcase> <!-- mymethod6 -->
  <testcase classname="testNG_Grouping.Myclass2" name="mymethod8" time="0.0">
    <ignored/>
  </testcase> <!-- mymethod8 -->
  <testcase classname="testNG_Grouping.Myclass2" name="mymethod5" time="0.0">
    <ignored/>
  </testcase> <!-- mymethod5 -->
  <testcase classname="testNG_Grouping.Myclass1" name="mymethod4" time="0.0">
    <ignored/>
  </testcase> <!-- mymethod4 -->
  <testcase classname="testNG_Grouping.Myclass1" name="mymethod3" time="0.0">
    <ignored/>
  </testcase> <!-- mymethod3 -->
  <testcase classname="testNG_Grouping.Myclass1" name="mymethod2" time="0.0">
    <ignored/>
  </testcase> <!-- mymethod2 -->
</testsuite> <!-- Test(failed) -->
